2026-01-11T11:36:08.482Z  INFO 1 --- [main] org.example.CalculatorApplication        : Starting CalculatorApplication using Java 17.0.17 with PID 1 (/app/app.jar started by root in /app)
2026-01-11T11:36:08.498Z  INFO 1 --- [main] org.example.CalculatorApplication        : No active profile set, falling back to 1 default profile: "default"
2026-01-11T11:36:10.147Z  INFO 1 --- [main] o.s.b.w.embedded.tomcat.TomcatWebServer  : Tomcat initialized with port 8080 (http)
2026-01-11T11:36:10.168Z  INFO 1 --- [main] o.apache.catalina.core.StandardService   : Starting service [Tomcat]
2026-01-11T11:36:10.169Z  INFO 1 --- [main] o.apache.catalina.core.StandardEngine    : Starting Servlet engine: [Apache Tomcat/10.1.17]
2026-01-11T11:36:10.221Z  INFO 1 --- [main] o.a.c.c.C.[Tomcat].[localhost].[/]       : Initializing Spring embedded WebApplicationContext
2026-01-11T11:36:10.223Z  INFO 1 --- [main] w.s.c.ServletWebServerApplicationContext : Root WebApplicationContext: initialization completed in 1603 ms
2026-01-11T11:36:10.365Z  INFO 1 --- [main] o.s.b.a.w.s.WelcomePageHandlerMapping    : Adding welcome page template: index
2026-01-11T11:36:10.708Z  INFO 1 --- [main] o.s.b.w.embedded.tomcat.TomcatWebServer  : Tomcat started on port 8080 (http) with context path ''
2026-01-11T11:36:10.727Z  INFO 1 --- [main] org.example.CalculatorApplication        : Started CalculatorApplication in 2.82 seconds (process running for 3.377)
2026-01-11T11:36:20.395Z  INFO 1 --- [http-nio-8080-exec-1] o.a.c.c.C.[Tomcat].[localhost].[/]       : Initializing Spring DispatcherServlet 'dispatcherServlet'
2026-01-11T11:36:20.398Z  INFO 1 --- [http-nio-8080-exec-1] o.s.web.servlet.DispatcherServlet        : Initializing Servlet 'dispatcherServlet'
2026-01-11T11:36:20.402Z  INFO 1 --- [http-nio-8080-exec-1] o.s.web.servlet.DispatcherServlet        : Completed initialization in 4 ms
2026-01-11T12:32:49.300Z  INFO 1 --- [main] org.example.CalculatorApplication        : Starting CalculatorApplication using Java 17.0.17 with PID 1 (/app/app.jar started by root in /app)
2026-01-11T12:32:49.303Z  INFO 1 --- [main] org.example.CalculatorApplication        : No active profile set, falling back to 1 default profile: "default"
2026-01-11T12:32:51.225Z  INFO 1 --- [main] o.s.b.w.embedded.tomcat.TomcatWebServer  : Tomcat initialized with port 8080 (http)
2026-01-11T12:32:51.240Z  INFO 1 --- [main] o.apache.catalina.core.StandardService   : Starting service [Tomcat]
2026-01-11T12:32:51.240Z  INFO 1 --- [main] o.apache.catalina.core.StandardEngine    : Starting Servlet engine: [Apache Tomcat/10.1.17]
2026-01-11T12:32:51.272Z  INFO 1 --- [main] o.a.c.c.C.[Tomcat].[localhost].[/]       : Initializing Spring embedded WebApplicationContext
2026-01-11T12:32:51.273Z  INFO 1 --- [main] w.s.c.ServletWebServerApplicationContext : Root WebApplicationContext: initialization completed in 1886 ms
2026-01-11T12:32:51.360Z  INFO 1 --- [main] o.s.b.a.w.s.WelcomePageHandlerMapping    : Adding welcome page template: index
2026-01-11T12:32:51.633Z  INFO 1 --- [main] o.s.b.w.embedded.tomcat.TomcatWebServer  : Tomcat started on port 8080 (http) with context path ''
2026-01-11T12:32:51.656Z  INFO 1 --- [main] org.example.CalculatorApplication        : Started CalculatorApplication in 3.33 seconds (process running for 3.989)
2026-01-11T12:34:10.639Z  INFO 1 --- [http-nio-8080-exec-1] o.a.c.c.C.[Tomcat].[localhost].[/]       : Initializing Spring DispatcherServlet 'dispatcherServlet'
2026-01-11T12:34:10.652Z  INFO 1 --- [http-nio-8080-exec-1] o.s.web.servlet.DispatcherServlet        : Initializing Servlet 'dispatcherServlet'
2026-01-11T12:34:10.664Z  INFO 1 --- [http-nio-8080-exec-1] o.s.web.servlet.DispatcherServlet        : Completed initialization in 11 ms
